2014-10-06 15:42:59,717 [Worker-33] INFO  o.e.m.c.i.l.LifecycleMappingFactory - Using org.maven.ide.eclipse.wtp.WarLifecycleMapping lifecycle mapping for MavenProject: com.exampe.felix.jeemavenapp:jeemavenapp:0.0.1-SNAPSHOT @ C:\Users\Felix\eclipse_workspace\jeemavenapp\pom.xml.
2014-10-06 15:43:01,310 [Worker-33] INFO  o.e.m.j.i.AbstractJavaProjectConfigurator - Adding source folder /jeemavenapp/src/main/java
2014-10-06 15:43:01,313 [Worker-33] INFO  o.e.m.j.i.AbstractJavaProjectConfigurator - Adding resource folder /jeemavenapp/src/main/resources
2014-10-06 15:43:01,314 [Worker-37] INFO  o.e.m.c.i.l.LifecycleMappingFactory - Using org.maven.ide.eclipse.wtp.WarLifecycleMapping lifecycle mapping for MavenProject: com.exampe.felix.jeemavenapp:jeemavenapp:0.0.1-SNAPSHOT @ C:\Users\Felix\eclipse_workspace\jeemavenapp\pom.xml.
2014-10-06 15:43:01,314 [Worker-33] INFO  o.e.m.j.i.AbstractJavaProjectConfigurator - Adding source folder /jeemavenapp/src/test/java
2014-10-06 15:43:01,315 [Worker-33] INFO  o.e.m.j.i.AbstractJavaProjectConfigurator - Adding resource folder /jeemavenapp/src/test/resources
2014-10-06 15:43:02,650 [Worker-35] INFO  o.e.m.c.i.l.LifecycleMappingFactory - Using org.maven.ide.eclipse.wtp.WarLifecycleMapping lifecycle mapping for MavenProject: com.exampe.felix.jeemavenapp:jeemavenapp:0.0.1-SNAPSHOT @ C:\Users\Felix\eclipse_workspace\jeemavenapp\pom.xml.
2014-10-06 15:43:02,770 [Worker-35] WARN  o.e.m.c.i.embedder.EclipseLogger - Using platform encoding (Cp1252 actually) to copy filtered resources, i.e. build is platform dependent!
2014-10-06 15:43:02,780 [Worker-35] INFO  o.e.m.c.i.embedder.EclipseLogger - Copying 0 resource
2014-10-06 15:43:02,780 [Worker-35] WARN  o.e.m.c.i.embedder.EclipseLogger - Using platform encoding (Cp1252 actually) to copy filtered resources, i.e. build is platform dependent!
2014-10-06 15:43:02,780 [Worker-35] INFO  o.e.m.c.i.embedder.EclipseLogger - Copying 0 resource
2014-10-06 15:43:04,050 [Worker-37] INFO  o.e.m.c.i.l.LifecycleMappingFactory - Using org.maven.ide.eclipse.wtp.WarLifecycleMapping lifecycle mapping for MavenProject: com.exampe.felix.jeemavenapp:jeemavenapp:0.0.1-SNAPSHOT @ C:\Users\Felix\eclipse_workspace\jeemavenapp\pom.xml.
2014-10-06 15:43:04,130 [Worker-37] WARN  o.e.m.c.i.embedder.EclipseLogger - Using platform encoding (Cp1252 actually) to copy filtered resources, i.e. build is platform dependent!
2014-10-06 15:43:04,140 [Worker-37] INFO  o.e.m.c.i.embedder.EclipseLogger - Copying 0 resource
2014-10-06 15:43:04,140 [Worker-37] WARN  o.e.m.c.i.embedder.EclipseLogger - Using platform encoding (Cp1252 actually) to copy filtered resources, i.e. build is platform dependent!
2014-10-06 15:43:04,140 [Worker-37] INFO  o.e.m.c.i.embedder.EclipseLogger - Copying 0 resource
2014-10-06 15:43:39,413 [Worker-35] INFO  o.e.m.c.i.l.LifecycleMappingFactory - Using org.maven.ide.eclipse.wtp.WarLifecycleMapping lifecycle mapping for MavenProject: com.exampe.felix.jeemavenapp:jeemavenapp:0.0.1-SNAPSHOT @ C:\Users\Felix\eclipse_workspace\jeemavenapp\pom.xml.
2014-10-06 15:43:39,498 [Worker-35] WARN  o.e.m.c.i.embedder.EclipseLogger - Using platform encoding (Cp1252 actually) to copy filtered resources, i.e. build is platform dependent!
2014-10-06 15:43:39,499 [Worker-35] INFO  o.e.m.c.i.embedder.EclipseLogger - Copying 0 resource
2014-10-06 15:43:39,501 [Worker-35] WARN  o.e.m.c.i.embedder.EclipseLogger - Using platform encoding (Cp1252 actually) to copy filtered resources, i.e. build is platform dependent!
2014-10-06 15:43:39,502 [Worker-35] INFO  o.e.m.c.i.embedder.EclipseLogger - Copying 0 resource
2014-10-06 15:47:13,848 [Worker-39] INFO  o.e.m.i.launch.MavenLaunchDelegate - C:\Users\Felix\eclipse_workspace\jeemavenapp
2014-10-06 15:47:13,848 [Worker-39] INFO  o.e.m.i.launch.MavenLaunchDelegate -  mvn  -B clean
2014-10-06 15:47:16,312 [Worker-40] WARN  o.e.m.c.i.embedder.EclipseLogger - Using platform encoding (Cp1252 actually) to copy filtered resources, i.e. build is platform dependent!
2014-10-06 15:47:16,322 [Worker-40] INFO  o.e.m.c.i.embedder.EclipseLogger - Copying 0 resource
2014-10-06 15:47:16,322 [Worker-40] WARN  o.e.m.c.i.embedder.EclipseLogger - Using platform encoding (Cp1252 actually) to copy filtered resources, i.e. build is platform dependent!
2014-10-06 15:47:16,322 [Worker-40] INFO  o.e.m.c.i.embedder.EclipseLogger - Copying 0 resource
2014-10-06 15:48:06,063 [Worker-36] INFO  o.e.m.i.launch.MavenLaunchDelegate - C:\Users\Felix\eclipse_workspace\jeemavenapp
2014-10-06 15:48:06,063 [Worker-36] INFO  o.e.m.i.launch.MavenLaunchDelegate -  mvn  -B install
2014-10-06 15:48:10,408 [Worker-36] WARN  o.e.m.c.i.embedder.EclipseLogger - Using platform encoding (Cp1252 actually) to copy filtered resources, i.e. build is platform dependent!
2014-10-06 15:48:10,408 [Worker-36] INFO  o.e.m.c.i.embedder.EclipseLogger - Copying 0 resource
2014-10-06 15:48:10,408 [Worker-36] WARN  o.e.m.c.i.embedder.EclipseLogger - Using platform encoding (Cp1252 actually) to copy filtered resources, i.e. build is platform dependent!
2014-10-06 15:48:10,408 [Worker-36] INFO  o.e.m.c.i.embedder.EclipseLogger - Copying 0 resource
2014-10-06 15:49:07,951 [Worker-42] WARN  o.e.m.c.i.embedder.EclipseLogger - Using platform encoding (Cp1252 actually) to copy filtered resources, i.e. build is platform dependent!
2014-10-06 15:49:07,951 [Worker-42] INFO  o.e.m.c.i.embedder.EclipseLogger - Copying 0 resource
2014-10-06 15:49:07,951 [Worker-42] WARN  o.e.m.c.i.embedder.EclipseLogger - Using platform encoding (Cp1252 actually) to copy filtered resources, i.e. build is platform dependent!
2014-10-06 15:49:07,951 [Worker-42] INFO  o.e.m.c.i.embedder.EclipseLogger - Copying 0 resource
2014-10-06 15:49:39,797 [Worker-36] WARN  o.e.m.c.i.embedder.EclipseLogger - Using platform encoding (Cp1252 actually) to copy filtered resources, i.e. build is platform dependent!
2014-10-06 15:49:39,797 [Worker-36] INFO  o.e.m.c.i.embedder.EclipseLogger - Copying 0 resource
2014-10-06 15:49:39,797 [Worker-36] WARN  o.e.m.c.i.embedder.EclipseLogger - Using platform encoding (Cp1252 actually) to copy filtered resources, i.e. build is platform dependent!
2014-10-06 15:49:39,797 [Worker-36] INFO  o.e.m.c.i.embedder.EclipseLogger - Copying 0 resource
2014-10-06 15:51:06,707 [Worker-44] WARN  o.e.m.c.i.embedder.EclipseLogger - Using platform encoding (Cp1252 actually) to copy filtered resources, i.e. build is platform dependent!
2014-10-06 15:51:06,708 [Worker-44] INFO  o.e.m.c.i.embedder.EclipseLogger - Copying 0 resource
2014-10-06 15:51:06,711 [Worker-44] WARN  o.e.m.c.i.embedder.EclipseLogger - Using platform encoding (Cp1252 actually) to copy filtered resources, i.e. build is platform dependent!
2014-10-06 15:51:06,712 [Worker-44] INFO  o.e.m.c.i.embedder.EclipseLogger - Copying 0 resource
2014-10-06 15:51:36,365 [Worker-45] WARN  o.e.m.c.i.embedder.EclipseLogger - Using platform encoding (Cp1252 actually) to copy filtered resources, i.e. build is platform dependent!
2014-10-06 15:51:36,365 [Worker-45] INFO  o.e.m.c.i.embedder.EclipseLogger - Copying 0 resource
2014-10-06 15:51:36,365 [Worker-45] WARN  o.e.m.c.i.embedder.EclipseLogger - Using platform encoding (Cp1252 actually) to copy filtered resources, i.e. build is platform dependent!
2014-10-06 15:51:36,375 [Worker-45] INFO  o.e.m.c.i.embedder.EclipseLogger - Copying 0 resource
2014-10-06 15:52:09,514 [Worker-33] WARN  o.e.m.c.i.embedder.EclipseLogger - Using platform encoding (Cp1252 actually) to copy filtered resources, i.e. build is platform dependent!
2014-10-06 15:52:09,514 [Worker-33] INFO  o.e.m.c.i.embedder.EclipseLogger - Copying 0 resource
2014-10-06 15:52:09,514 [Worker-33] WARN  o.e.m.c.i.embedder.EclipseLogger - Using platform encoding (Cp1252 actually) to copy filtered resources, i.e. build is platform dependent!
2014-10-06 15:52:09,514 [Worker-33] INFO  o.e.m.c.i.embedder.EclipseLogger - Copying 0 resource
2014-10-06 15:52:28,575 [Worker-36] WARN  o.e.m.c.i.embedder.EclipseLogger - Using platform encoding (Cp1252 actually) to copy filtered resources, i.e. build is platform dependent!
2014-10-06 15:52:28,575 [Worker-36] INFO  o.e.m.c.i.embedder.EclipseLogger - Copying 0 resource
2014-10-06 15:52:28,575 [Worker-36] WARN  o.e.m.c.i.embedder.EclipseLogger - Using platform encoding (Cp1252 actually) to copy filtered resources, i.e. build is platform dependent!
2014-10-06 15:52:28,575 [Worker-36] INFO  o.e.m.c.i.embedder.EclipseLogger - Copying 0 resource
2014-10-06 15:53:01,469 [Worker-36] WARN  o.e.m.c.i.embedder.EclipseLogger - Using platform encoding (Cp1252 actually) to copy filtered resources, i.e. build is platform dependent!
2014-10-06 15:53:01,469 [Worker-36] INFO  o.e.m.c.i.embedder.EclipseLogger - Copying 0 resource
2014-10-06 15:53:01,469 [Worker-36] WARN  o.e.m.c.i.embedder.EclipseLogger - Using platform encoding (Cp1252 actually) to copy filtered resources, i.e. build is platform dependent!
2014-10-06 15:53:01,469 [Worker-36] INFO  o.e.m.c.i.embedder.EclipseLogger - Copying 0 resource
2014-10-06 15:53:30,432 [Worker-33] WARN  o.e.m.c.i.embedder.EclipseLogger - Using platform encoding (Cp1252 actually) to copy filtered resources, i.e. build is platform dependent!
2014-10-06 15:53:30,432 [Worker-33] INFO  o.e.m.c.i.embedder.EclipseLogger - Copying 0 resource
2014-10-06 15:53:30,432 [Worker-33] WARN  o.e.m.c.i.embedder.EclipseLogger - Using platform encoding (Cp1252 actually) to copy filtered resources, i.e. build is platform dependent!
2014-10-06 15:53:30,432 [Worker-33] INFO  o.e.m.c.i.embedder.EclipseLogger - Copying 0 resource
2014-10-06 15:53:55,967 [Worker-44] WARN  o.e.m.c.i.embedder.EclipseLogger - Using platform encoding (Cp1252 actually) to copy filtered resources, i.e. build is platform dependent!
2014-10-06 15:53:55,968 [Worker-44] INFO  o.e.m.c.i.embedder.EclipseLogger - Copying 0 resource
2014-10-06 15:53:55,969 [Worker-44] WARN  o.e.m.c.i.embedder.EclipseLogger - Using platform encoding (Cp1252 actually) to copy filtered resources, i.e. build is platform dependent!
2014-10-06 15:53:55,970 [Worker-44] INFO  o.e.m.c.i.embedder.EclipseLogger - Copying 0 resource
2014-10-06 16:00:33,278 [Worker-33] WARN  o.e.m.c.i.embedder.EclipseLogger - Using platform encoding (Cp1252 actually) to copy filtered resources, i.e. build is platform dependent!
2014-10-06 16:00:33,279 [Worker-33] INFO  o.e.m.c.i.embedder.EclipseLogger - Copying 0 resource
2014-10-06 16:00:33,281 [Worker-33] WARN  o.e.m.c.i.embedder.EclipseLogger - Using platform encoding (Cp1252 actually) to copy filtered resources, i.e. build is platform dependent!
2014-10-06 16:00:33,282 [Worker-33] INFO  o.e.m.c.i.embedder.EclipseLogger - Copying 0 resource
2014-10-06 16:00:56,202 [Worker-48] WARN  o.e.m.c.i.embedder.EclipseLogger - Using platform encoding (Cp1252 actually) to copy filtered resources, i.e. build is platform dependent!
2014-10-06 16:00:56,202 [Worker-48] INFO  o.e.m.c.i.embedder.EclipseLogger - Copying 0 resource
2014-10-06 16:00:56,212 [Worker-48] WARN  o.e.m.c.i.embedder.EclipseLogger - Using platform encoding (Cp1252 actually) to copy filtered resources, i.e. build is platform dependent!
2014-10-06 16:00:56,212 [Worker-48] INFO  o.e.m.c.i.embedder.EclipseLogger - Copying 0 resource
2014-10-06 16:02:23,590 [Worker-33] INFO  o.e.m.c.i.l.LifecycleMappingFactory - Using org.maven.ide.eclipse.wtp.WarLifecycleMapping lifecycle mapping for MavenProject: com.exampe.felix.jeemavenapp:jeemavenapp:0.0.1-SNAPSHOT @ C:\Users\Felix\eclipse_workspace\jeemavenapp\pom.xml.
2014-10-06 16:02:23,795 [Worker-33] WARN  o.e.m.c.i.embedder.EclipseLogger - Using platform encoding (Cp1252 actually) to copy filtered resources, i.e. build is platform dependent!
2014-10-06 16:02:23,797 [Worker-33] INFO  o.e.m.c.i.embedder.EclipseLogger - Copying 0 resource
2014-10-06 16:02:23,798 [Worker-33] WARN  o.e.m.c.i.embedder.EclipseLogger - Using platform encoding (Cp1252 actually) to copy filtered resources, i.e. build is platform dependent!
2014-10-06 16:02:23,799 [Worker-33] INFO  o.e.m.c.i.embedder.EclipseLogger - Copying 0 resource
2014-10-06 16:02:48,363 [Worker-47] WARN  o.e.m.c.i.embedder.EclipseLogger - Using platform encoding (Cp1252 actually) to copy filtered resources, i.e. build is platform dependent!
2014-10-06 16:02:48,364 [Worker-47] INFO  o.e.m.c.i.embedder.EclipseLogger - Copying 0 resource
2014-10-06 16:02:48,366 [Worker-47] WARN  o.e.m.c.i.embedder.EclipseLogger - Using platform encoding (Cp1252 actually) to copy filtered resources, i.e. build is platform dependent!
2014-10-06 16:02:48,367 [Worker-47] INFO  o.e.m.c.i.embedder.EclipseLogger - Copying 0 resource
2014-10-06 16:03:07,108 [main] INFO  o.e.m2e.actions.ExecutePomAction - Creating new launch configuration
2014-10-06 16:03:42,503 [Worker-52] INFO  o.e.m.i.launch.MavenLaunchDelegate - C:\Users\Felix\eclipse_workspace\jeemavenapp
2014-10-06 16:03:42,503 [Worker-52] INFO  o.e.m.i.launch.MavenLaunchDelegate -  mvn  -B clean install
2014-10-06 16:06:24,882 [Worker-51] WARN  o.e.m.c.i.embedder.EclipseLogger - Using platform encoding (Cp1252 actually) to copy filtered resources, i.e. build is platform dependent!
2014-10-06 16:06:24,882 [Worker-51] INFO  o.e.m.c.i.embedder.EclipseLogger - Copying 0 resource
2014-10-06 16:06:24,882 [Worker-51] WARN  o.e.m.c.i.embedder.EclipseLogger - Using platform encoding (Cp1252 actually) to copy filtered resources, i.e. build is platform dependent!
2014-10-06 16:06:24,892 [Worker-51] INFO  o.e.m.c.i.embedder.EclipseLogger - Copying 0 resource
2014-10-06 16:06:46,107 [main] INFO  o.e.m2e.actions.ExecutePomAction - Creating new launch configuration
2014-10-06 16:06:53,639 [Worker-47] INFO  o.e.m.i.launch.MavenLaunchDelegate - C:\Users\Felix\eclipse_workspace\jeemavenapp
2014-10-06 16:06:53,639 [Worker-47] INFO  o.e.m.i.launch.MavenLaunchDelegate -  mvn  -B clean install
